[debug] [2019-03-29T04:36:29.960Z] ----------------------------------------------------------------------
[debug] [2019-03-29T04:36:29.963Z] Command:       /Users/BGeist/.nvm/versions/node/v10.13.0/bin/node /Users/BGeist/.nvm/versions/node/v10.13.0/bin/firebase deploy
[debug] [2019-03-29T04:36:29.963Z] CLI Version:   6.1.2
[debug] [2019-03-29T04:36:29.963Z] Platform:      darwin
[debug] [2019-03-29T04:36:29.963Z] Node Version:  v10.13.0
[debug] [2019-03-29T04:36:29.964Z] Time:          Thu Mar 28 2019 21:36:29 GMT-0700 (Pacific Daylight Time)
[debug] [2019-03-29T04:36:29.964Z] ----------------------------------------------------------------------
[debug] 
[debug] [2019-03-29T04:36:29.979Z] > command requires scopes: ["email","openid","https://www.googleapis.com/auth/cloudplatformprojects.readonly","https://www.googleapis.com/auth/firebase","https://www.googleapis.com/auth/cloud-platform"]
[debug] [2019-03-29T04:36:29.979Z] > authorizing via signed-in user
[debug] [2019-03-29T04:36:29.979Z] [iam] checking project web-proposals for permissions ["cloudfunctions.functions.create","cloudfunctions.functions.delete","cloudfunctions.functions.get","cloudfunctions.functions.list","cloudfunctions.functions.update","cloudfunctions.operations.get","datastore.indexes.create","datastore.indexes.delete","datastore.indexes.list","datastore.indexes.update","firebase.projects.get","firebasedatabase.instances.update","firebasehosting.sites.update","firebaserules.releases.create","firebaserules.releases.update","firebaserules.rulesets.create"]
[debug] [2019-03-29T04:36:29.981Z] >>> HTTP REQUEST POST https://cloudresourcemanager.googleapis.com/v1/projects/web-proposals:testIamPermissions  

[debug] [2019-03-29T04:36:30.307Z] <<< HTTP RESPONSE 200
[debug] [2019-03-29T04:36:30.309Z] >>> HTTP REQUEST GET https://firebase.googleapis.com/v1beta1/projects/web-proposals  
 
[debug] [2019-03-29T04:36:30.551Z] <<< HTTP RESPONSE 200
[info] 
[info] === Deploying to 'web-proposals'...
[info] 
[info] i  deploying database, storage, firestore, functions, hosting
[info] ✔  functions: Finished running predeploy script.
[info] i  database: checking rules syntax...
[debug] [2019-03-29T04:36:34.500Z] >>> HTTP REQUEST PUT https://web-proposals.firebaseio.com/.settings/rules.json?dryRun=true  
 {
  /* Visit https://firebase.google.com/docs/database/security to learn more about security rules. */
  "rules": {
    ".read": false,
    ".write": false
  }
}
[debug] [2019-03-29T04:36:34.827Z] <<< HTTP RESPONSE 200
[info] ✔  database: rules syntax for database web-proposals is valid
[debug] [2019-03-29T04:36:34.829Z] >>> HTTP REQUEST GET https://appengine.googleapis.com/v1/apps/web-proposals  
 
[debug] [2019-03-29T04:36:35.336Z] <<< HTTP RESPONSE 200
[info] i  storage: checking storage.rules for compilation errors...
[debug] [2019-03-29T04:36:35.348Z] >>> HTTP REQUEST POST https://firebaserules.googleapis.com/v1/projects/web-proposals:test  

[debug] [2019-03-29T04:36:35.818Z] <<< HTTP RESPONSE 200
[info] ✔  storage: rules file storage.rules compiled successfully
[info] i  firestore: checking firestore.rules for compilation errors...
[debug] [2019-03-29T04:36:35.821Z] >>> HTTP REQUEST POST https://firebaserules.googleapis.com/v1/projects/web-proposals:test  

[debug] [2019-03-29T04:36:36.219Z] <<< HTTP RESPONSE 200
[info] ✔  firestore: rules file firestore.rules compiled successfully
[debug] [2019-03-29T04:36:36.222Z] > [functions] package.json contents: {
  "name": "functions",
  "description": "Cloud Functions for Firebase",
  "scripts": {
    "lint": "eslint .",
    "serve": "firebase serve --only functions",
    "shell": "firebase functions:shell",
    "start": "npm run shell",
    "deploy": "firebase deploy --only functions",
    "logs": "firebase functions:log"
  },
  "dependencies": {
    "@koa/cors": "^2.2.3",
    "aws-sdk": "^2.423.0",
    "buffer-from": "^1.1.1",
    "cheerio": "^0.22.0",
    "co": "^4.5.4",
    "co-body": "^4.0.0",
    "co-wait": "0.0.0",
    "co-waiter": "^1.0.2",
    "cors": "^2.8.5",
    "cssmin": "^0.4.3",
    "debug": "^2.2.0",
    "denodeify": "^1.2.1",
    "dotenv": "^2.0.0",
    "firebase": "^5.9.0",
    "firebase-admin": "~6.0.0",
    "firebase-functions": "^2.1.0",
    "fs-promise": "^0.3.1",
    "handlebars": "^3.0.6",
    "i": "^0.3.3",
    "json-stable-stringify": "^1.0.0",
    "koa": "^2.7.0",
    "koa-cookie": "^1.0.0",
    "koa-mount": "^4.0.0",
    "koa-router": "^7.4.0",
    "koa-static": "^5.0.0",
    "less": "^2.5.1",
    "lodash": "^3.9.3",
    "mime-types": "^2.1.22",
    "mkdirp": "^0.5.1",
    "mkdirp-promise": "^1.0.3",
    "moment": "^2.24.0",
    "pdf-maker": "0.0.2",
    "query-string": "4.2.0",
    "recursive-readdir": "^1.2.1",
    "recursive-readdir-sync": "^1.0.6",
    "redis": "^2.3.1",
    "request": "2.80.0",
    "request-promise": "^0.4.3",
    "swag": "^0.7.0",
    "uglify-js": "^2.6.1"
  },
  "devDependencies": {
    "chalk": "^1.1.1",
    "gulp-develop-server": "^0.5.0",
    "gulp-livereload": "^3.8.0",
    "gulp-shell": "^0.5.1",
    "nodemon": "^1.18.10",
    "eslint": "^4.12.0",
    "eslint-plugin-promise": "^3.6.0"
  },
  "engines": {
    "node": "8"
  },
  "private": true
}
[info] i  functions: ensuring necessary APIs are enabled...
[debug] [2019-03-29T04:36:36.223Z] >>> HTTP REQUEST GET https://servicemanagement.googleapis.com/v1/services/cloudfunctions.googleapis.com/projectSettings/web-proposals?view=CONSUMER_VIEW  
 
[debug] [2019-03-29T04:36:36.223Z] >>> HTTP REQUEST GET https://servicemanagement.googleapis.com/v1/services/runtimeconfig.googleapis.com/projectSettings/web-proposals?view=CONSUMER_VIEW  
 
[debug] [2019-03-29T04:36:37.151Z] <<< HTTP RESPONSE 200
[debug] [2019-03-29T04:36:37.209Z] <<< HTTP RESPONSE 200
[info] ✔  functions: all necessary APIs are enabled
[debug] [2019-03-29T04:36:37.210Z] >>> HTTP REQUEST GET https://cloudresourcemanager.googleapis.com/v1/projects/web-proposals  
 
[debug] [2019-03-29T04:36:37.625Z] <<< HTTP RESPONSE 200
[debug] [2019-03-29T04:36:37.626Z] >>> HTTP REQUEST GET https://mobilesdk-pa.googleapis.com/v1/projects/907512529926:getServerAppConfig  
 
[debug] [2019-03-29T04:36:37.830Z] <<< HTTP RESPONSE 200
[debug] [2019-03-29T04:36:37.832Z] >>> HTTP REQUEST POST https://firebasehosting.googleapis.com/v1beta1/sites/web-proposals/versions  

[debug] [2019-03-29T04:36:38.661Z] <<< HTTP RESPONSE 200
[info] i  storage: uploading rules storage.rules...
[debug] [2019-03-29T04:36:38.662Z] >>> HTTP REQUEST POST https://firebaserules.googleapis.com/v1/projects/web-proposals/rulesets  

[debug] [2019-03-29T04:36:39.428Z] <<< HTTP RESPONSE 200
[debug] [2019-03-29T04:36:39.428Z] [rules] created ruleset projects/web-proposals/rulesets/b69e8e4f-a022-4433-8ae1-f026c32278dd
[info] i  firestore: uploading rules firestore.rules...
[debug] [2019-03-29T04:36:39.430Z] >>> HTTP REQUEST POST https://firebaserules.googleapis.com/v1/projects/web-proposals/rulesets  

[debug] [2019-03-29T04:36:39.430Z] >>> HTTP REQUEST GET https://firestore.googleapis.com/v1beta1/projects/web-proposals/databases/(default)/indexes  
 
[debug] [2019-03-29T04:36:39.907Z] <<< HTTP RESPONSE 200
[debug] [2019-03-29T04:36:39.907Z] [rules] created ruleset projects/web-proposals/rulesets/c08544ee-9454-4981-b476-6e26c3c34823
[debug] [2019-03-29T04:36:39.909Z] <<< HTTP RESPONSE 200
[info] i  functions: preparing functions directory for uploading...
[debug] [2019-03-29T04:36:39.916Z] >>> HTTP REQUEST GET https://runtimeconfig.googleapis.com/v1beta1/projects/web-proposals/configs  
 
[debug] [2019-03-29T04:36:40.135Z] <<< HTTP RESPONSE 200
